
> @platform/admin-server@0.0.1 dev
> tsx watch src/index.ts

node:events:496
      throw er; // Unhandled 'error' event
      ^

Error: listen EADDRINUSE: address already in use :::3001
    at Server.setupListenHandle [as _listen2] (node:net:1940:16)
    at listenInCluster (node:net:1997:12)
    at Server.listen (node:net:2102:7)
    at Function.listen (C:\Users\Usuario\Desktop\platform\node_modules\express\lib\application.js:635:24)
    at userRoutes (C:\Users\Usuario\Desktop\platform\apps\admin\server\src\index.ts:98:5)
    at Object.<anonymous> (C:\Users\Usuario\Desktop\platform\apps\admin\server\src\index.ts:100:2)
    at Module._compile (node:internal/modules/cjs/loader:1730:14)
    at Object.transformer (C:\Users\Usuario\Desktop\platform\node_modules\tsx\dist\register-D46fvsV_.cjs:3:1104)
    at Module.load (node:internal/modules/cjs/loader:1465:32)
    at Function._load (node:internal/modules/cjs/loader:1282:12)
Emitted 'error' event on Server instance at:
    at emitErrorNT (node:net:1976:8)
    at process.processTicksAndRejections (node:internal/process/task_queues:90:21) {
  code: 'EADDRINUSE',
  errno: -4091,
  syscall: 'listen',
  address: '::',
  port: 3001
}

Node.js v22.17.1
^C